<?xml version="1.0" encoding="UTF-8"?>
<Site BuildName="Linux-g++"
	BuildStamp="20220514-0139-Experimental"
	Name="felipe-A70-MOB"
	Generator="ctest-3.23.1"
	CompilerName="/usr/bin/g++"
	CompilerVersion="9.4.0"
	OSName="Linux"
	Hostname="felipe-A70-MOB"
	OSRelease="5.13.0-40-generic"
	OSVersion="#45~20.04.1-Ubuntu SMP Mon Apr 4 09:38:31 UTC 2022"
	OSPlatform="x86_64"
	Is64Bits="1"
	VendorString="GenuineIntel"
	VendorID="Intel Corporation"
	FamilyID="6"
	ModelID="141"
	ProcessorCacheSize="24576"
	NumberOfLogicalCPU="16"
	NumberOfPhysicalCPU="8"
	TotalVirtualMemory="2047"
	TotalPhysicalMemory="31850"
	LogicalProcessorsPerPhysical="2"
	ProcessorClockFrequency="2300"
	>
	<Testing>
		<StartDateTime>May 13 23:52 -03</StartDateTime>
		<StartTestTime>1652496766</StartTestTime>
		<TestList/>
		<EndDateTime>May 13 23:52 -03</EndDateTime>
		<EndTestTime>1652496766</EndTestTime>
		<ElapsedMinutes>0</ElapsedMinutes>
	</Testing>
</Site>
